<?xml version="1.0" encoding="UTF-8"?>
<!-- Generated by org.testng.reporters.JUnitXMLReporter -->
<testsuite ignored="2" hostname="VaishnaviA" failures="0" tests="1" name="Default test" time="21.003" errors="0" timestamp="2026-03-22T19:33:12 IST">
  <testcase classname="tests.TestClass" name="TestTabelIteration" time="12.626"/>
  <testcase classname="tests.TestClass" name="TestBrokenLinks" time="0.0">
    <ignored/>
  </testcase> <!-- TestBrokenLinks -->
  <testcase classname="tests.TestClass" name="TestURLAccess" time="0.0">
    <ignored/>
  </testcase> <!-- TestURLAccess -->
</testsuite> <!-- Default test -->
