<?xml version="1.0" encoding="UTF-8"?>
<testng-results ignored="0" total="2" passed="2" failed="0" skipped="0">
  <reporter-output>
  </reporter-output>
  <suite started-at="2026-01-10T00:02:01 IST" name="Jenkins Suite" finished-at="2026-01-10T00:02:01 IST" duration-ms="68">
    <groups>
    </groups>
    <test started-at="2026-01-10T00:02:01 IST" name="Sample Tests" finished-at="2026-01-10T00:02:01 IST" duration-ms="68">
      <class name="samplePrjforJenkins.Testone">
        <test-method signature="testOne()[pri:0, instance:samplePrjforJenkins.Testone@1a04f701]" started-at="2026-01-10T00:02:01 IST" name="testOne" finished-at="2026-01-10T00:02:01 IST" duration-ms="11" status="PASS">
          <reporter-output>
          </reporter-output>
        </test-method> <!-- testOne -->
        <test-method signature="testTwo()[pri:0, instance:samplePrjforJenkins.Testone@1a04f701]" started-at="2026-01-10T00:02:01 IST" name="testTwo" finished-at="2026-01-10T00:02:01 IST" duration-ms="2" status="PASS">
          <reporter-output>
          </reporter-output>
        </test-method> <!-- testTwo -->
      </class> <!-- samplePrjforJenkins.Testone -->
    </test> <!-- Sample Tests -->
  </suite> <!-- Jenkins Suite -->
</testng-results>
