<?xml version="1.0" encoding="UTF-8"?>
<testng-results ignored="0" total="2" passed="2" failed="0" skipped="0">
  <reporter-output>
  </reporter-output>
  <suite started-at="2026-01-09T23:53:26 IST" name="Default suite" finished-at="2026-01-09T23:53:26 IST" duration-ms="68">
    <groups>
    </groups>
    <test started-at="2026-01-09T23:53:26 IST" name="Default test" finished-at="2026-01-09T23:53:26 IST" duration-ms="68">
      <class name="samplePrjforJenkins.Testone">
        <test-method signature="testOne()[pri:0, instance:samplePrjforJenkins.Testone@35aea049]" started-at="2026-01-09T23:53:26 IST" name="testOne" finished-at="2026-01-09T23:53:26 IST" duration-ms="14" status="PASS">
          <reporter-output>
          </reporter-output>
        </test-method> <!-- testOne -->
        <test-method signature="testTwo()[pri:0, instance:samplePrjforJenkins.Testone@35aea049]" started-at="2026-01-09T23:53:26 IST" name="testTwo" finished-at="2026-01-09T23:53:26 IST" duration-ms="2" status="PASS">
          <reporter-output>
          </reporter-output>
        </test-method> <!-- testTwo -->
      </class> <!-- samplePrjforJenkins.Testone -->
    </test> <!-- Default test -->
  </suite> <!-- Default suite -->
</testng-results>
