<?xml version="1.0" encoding="UTF-8"?>
<!-- Generated by org.testng.reporters.JUnitReportReporter -->
<testsuite hostname="VaishnaviA" failures="0" tests="3" name="tests.TestClass" time="12.626" errors="0" timestamp="2026-03-22T19:33:12 IST" skipped="2">
  <testcase classname="tests.TestClass" name="TestTabelIteration" time="12.626"/>
  <system-out/>
  <testcase classname="tests.TestClass" name="TestBrokenLinks">
    <skipped/>
  </testcase> <!-- TestBrokenLinks -->
  <system-out/>
  <testcase classname="tests.TestClass" name="TestURLAccess">
    <skipped/>
  </testcase> <!-- TestURLAccess -->
  <system-out/>
</testsuite> <!-- tests.TestClass -->
